<?xml version="1.0" encoding="UTF-8"?>
<!-- Generated by org.testng.reporters.JUnitReportReporter -->
<testsuite hostname="LAPTOP-D6FDH20G" failures="0" tests="1" name="com.crm.SDET25A.practice.GetDataFromExcelSheet5" time="0.793" errors="0" timestamp="2021-11-24T10:38:44 IST" skipped="0">
  <testcase classname="com.crm.SDET25A.practice.GetDataFromExcelSheet5" name="getData5" time="0.793"/>
  <system-out/>
</testsuite> <!-- com.crm.SDET25A.practice.GetDataFromExcelSheet5 -->
