<?xml version="1.0" encoding="UTF-8"?>
<!-- Generated by org.testng.reporters.JUnitReportReporter -->
<testsuite hostname="LAPTOP-D6FDH20G" failures="0" tests="1" name="com.crm.SDET25A.ProductModule.Producing" time="18.440" errors="0" timestamp="2021-12-05T16:24:40 IST" skipped="0">
  <testcase classname="com.crm.SDET25A.ProductModule.Producing" name="testngtest" time="18.440"/>
  <system-out/>
</testsuite> <!-- com.crm.SDET25A.ProductModule.Producing -->
