<?xml version="1.0" encoding="UTF-8"?>
<!-- Generated by org.testng.reporters.JUnitReportReporter -->
<testsuite hostname="LAPTOP-D6FDH20G" failures="0" tests="1" name="com.crm.SDET25A.practice.GetDataFromExcelSheet" time="0.800" errors="0" timestamp="2021-11-23T17:01:08 IST" skipped="0">
  <testcase classname="com.crm.SDET25A.practice.GetDataFromExcelSheet" name="getExcelData" time="0.800"/>
  <system-out/>
</testsuite> <!-- com.crm.SDET25A.practice.GetDataFromExcelSheet -->
