<?xml version="1.0" encoding="UTF-8"?>
<!-- Generated by org.testng.reporters.JUnitReportReporter -->
<testsuite hostname="LAPTOP-D6FDH20G" failures="0" tests="1" name="com.crm.com.crm.SDET_25A.SampleJDBCExecuteUpddate" time="0.280" errors="0" timestamp="2021-11-19T16:26:26 IST" skipped="0">
  <testcase classname="com.crm.com.crm.SDET_25A.SampleJDBCExecuteUpddate" name="SampleJDBCExecuteUpdate" time="0.280"/>
  <system-out/>
</testsuite> <!-- com.crm.com.crm.SDET_25A.SampleJDBCExecuteUpddate -->
