<?xml version="1.0" encoding="UTF-8"?>
<!-- Generated by org.testng.reporters.JUnitReportReporter -->
<testsuite hostname="LAPTOP-D6FDH20G" failures="0" tests="1" name="com.crm.SDET25A.practice.Test1" time="25.443" errors="0" timestamp="2021-11-25T19:06:17 IST" skipped="0">
  <testcase classname="com.crm.SDET25A.practice.Test1" name="createContact" time="25.443"/>
  <system-out/>
</testsuite> <!-- com.crm.SDET25A.practice.Test1 -->
