<?xml version="1.0" encoding="UTF-8"?>
<!-- Generated by org.testng.reporters.JUnitReportReporter -->
<testsuite hostname="LAPTOP-D6FDH20G" failures="0" tests="1" name="com.crm.SDET25A.practice.GetDataFromJsonFile" time="0.016" errors="0" timestamp="2021-11-26T17:30:30 IST" skipped="0">
  <testcase classname="com.crm.SDET25A.practice.GetDataFromJsonFile" name="getJsonData" time="0.016"/>
  <system-out/>
</testsuite> <!-- com.crm.SDET25A.practice.GetDataFromJsonFile -->
