<?xml version="1.0" encoding="UTF-8"?>
<!-- Generated by org.testng.reporters.JUnitReportReporter -->
<testsuite hostname="LAPTOP-D6FDH20G" failures="0" tests="1" name="com.crm.SDET25A.practice.GetDataFromExcelSheet3" time="0.464" errors="0" timestamp="2021-11-23T19:23:24 IST" skipped="0">
  <testcase classname="com.crm.SDET25A.practice.GetDataFromExcelSheet3" name="getColumnData" time="0.464"/>
  <system-out/>
</testsuite> <!-- com.crm.SDET25A.practice.GetDataFromExcelSheet3 -->
