<?xml version="1.0" encoding="UTF-8"?>
<!-- Generated by org.testng.reporters.JUnitReportReporter -->
<testsuite hostname="LAPTOP-D6FDH20G" failures="0" tests="1" name="com.crm.SDET25A.ProductModule.SearchProductByProductName" time="21.001" errors="0" timestamp="2021-12-04T13:35:45 IST" skipped="0">
  <testcase classname="com.crm.SDET25A.ProductModule.SearchProductByProductName" name="SearchProductByProductNameTesting" time="21.001"/>
  <system-out/>
</testsuite> <!-- com.crm.SDET25A.ProductModule.SearchProductByProductName -->
