<?xml version="1.0" encoding="UTF-8"?>
<!-- Generated by org.testng.reporters.JUnitReportReporter -->
<testsuite hostname="LAPTOP-D6FDH20G" failures="0" tests="1" name="com.crm.SDET25A.BasicTestScripts.CreateProduct" time="24.366" errors="0" timestamp="2021-11-29T15:43:42 IST" skipped="0">
  <testcase classname="com.crm.SDET25A.BasicTestScripts.CreateProduct" name="createProd" time="24.366"/>
  <system-out/>
</testsuite> <!-- com.crm.SDET25A.BasicTestScripts.CreateProduct -->
