<?xml version="1.0" encoding="UTF-8"?>
<!-- Generated by org.testng.reporters.JUnitReportReporter -->
<testsuite hostname="LAPTOP-D6FDH20G" failures="0" tests="1" name="com.crm.SDET25A.practice.GetDataFromExcelSheet2" time="0.645" errors="0" timestamp="2021-11-23T19:23:09 IST" skipped="0">
  <testcase classname="com.crm.SDET25A.practice.GetDataFromExcelSheet2" name="getData" time="0.645"/>
  <system-out/>
</testsuite> <!-- com.crm.SDET25A.practice.GetDataFromExcelSheet2 -->
