<?xml version="1.0" encoding="UTF-8"?>
<!-- Generated by org.testng.reporters.JUnitReportReporter -->
<testsuite hostname="LAPTOP-D6FDH20G" failures="0" tests="1" name="com.crm.mvn.mvnTest" time="0.010" errors="0" timestamp="2021-12-10T13:08:36 IST" skipped="0">
  <testcase classname="com.crm.mvn.mvnTest" name="mainTest" time="0.010"/>
  <system-out/>
</testsuite> <!-- com.crm.mvn.mvnTest -->
