<?xml version="1.0" encoding="UTF-8"?>
<!-- Generated by org.testng.reporters.JUnitReportReporter -->
<testsuite hostname="LAPTOP-D6FDH20G" failures="0" tests="1" name="com.crm.SDET25A.practice.GetDataFromExcelSheet4" time="1.376" errors="0" timestamp="2021-11-23T18:52:37 IST" skipped="0">
  <testcase classname="com.crm.SDET25A.practice.GetDataFromExcelSheet4" name="getData4" time="1.376"/>
  <system-out/>
</testsuite> <!-- com.crm.SDET25A.practice.GetDataFromExcelSheet4 -->
