<?xml version="1.0" encoding="UTF-8"?>
<!-- Generated by org.testng.reporters.JUnitReportReporter -->
<testsuite hostname="LAPTOP-D6FDH20G" failures="0" tests="1" name="com.crm.SDET25A.BasicTestScripts.CreateVendor" time="20.164" errors="0" timestamp="2021-11-29T15:59:58 IST" skipped="0">
  <testcase classname="com.crm.SDET25A.BasicTestScripts.CreateVendor" name="vendorCreation" time="20.164"/>
  <system-out/>
</testsuite> <!-- com.crm.SDET25A.BasicTestScripts.CreateVendor -->
