<?xml version="1.0" encoding="UTF-8"?>
<!-- Generated by org.testng.reporters.JUnitReportReporter -->
<testsuite hostname="LAPTOP-D6FDH20G" failures="0" tests="1" name="com.crm.SDET25A.practice.FetchMultipleData" time="0.000" errors="0" timestamp="2021-11-24T19:43:14 IST" skipped="1">
  <testcase classname="com.crm.SDET25A.practice.FetchMultipleData" name="getDatas" time="0.000">
    <skipped/>
  </testcase> <!-- getDatas -->
  <system-out/>
</testsuite> <!-- com.crm.SDET25A.practice.FetchMultipleData -->
