<?xml version="1.0" encoding="UTF-8"?>
<!-- Generated by org.testng.reporters.JUnitReportReporter -->
<testsuite hostname="LAPTOP-D6FDH20G" failures="0" tests="1" name="com.crm.SDET25A.practice.SampleJDBExecuteQuery" time="0.286" errors="0" timestamp="2021-11-19T15:05:51 IST" skipped="0">
  <testcase classname="com.crm.SDET25A.practice.SampleJDBExecuteQuery" name="SampleJDBExecuteQuery" time="0.286"/>
  <system-out/>
</testsuite> <!-- com.crm.SDET25A.practice.SampleJDBExecuteQuery -->
